<?xml version="1.0" encoding="UTF-8"?>
<testng-results skipped="0" failed="0" total="1" passed="1">
  <reporter-output>
  </reporter-output>
  <suite name="Default suite" duration-ms="1895" started-at="2020-09-17T10:59:09Z" finished-at="2020-09-17T10:59:11Z">
    <groups>
    </groups>
    <test name="Default test" duration-ms="1895" started-at="2020-09-17T10:59:09Z" finished-at="2020-09-17T10:59:11Z">
      <class name="com.confluxsys.cep.sherlock.TestSherlockApp">
        <test-method status="PASS" signature="TestSherlockApp1()[pri:0, instance:com.confluxsys.cep.sherlock.TestSherlockApp@2ef5e5e3]" name="TestSherlockApp1" duration-ms="1873" started-at="2020-09-17T16:29:09Z" finished-at="2020-09-17T16:29:11Z">
          <reporter-output>
          </reporter-output>
        </test-method> <!-- TestSherlockApp1 -->
      </class> <!-- com.confluxsys.cep.sherlock.TestSherlockApp -->
    </test> <!-- Default test -->
  </suite> <!-- Default suite -->
</testng-results>
